0 info it worked if it ends with ok
1 verbose cli [ '/Users/mac/.meteor/packages/meteor-tool/.1.4.3_1.1eoy3fk++os.osx.x86_64+web.browser+web.cordova/mt-os.osx.x86_64/dev_bundle/bin/node',
1 verbose cli   '/Users/mac/.meteor/packages/meteor-tool/.1.4.3_1.1eoy3fk++os.osx.x86_64+web.browser+web.cordova/mt-os.osx.x86_64/dev_bundle/bin/npm',
1 verbose cli   'install',
1 verbose cli   '--save',
1 verbose cli   'twbs:bootstrap' ]
2 info using npm@4.1.2
3 info using node@v4.7.3
4 silly loadCurrentTree Starting
5 silly install loadCurrentTree
6 silly install readLocalPackageData
7 silly fetchPackageMetaData twbs:bootstrap
8 silly fetchPackageMetaData Error: Unsupported URL Type: twbs:bootstrap
8 silly fetchPackageMetaData     at parseUrl (/Users/mac/.meteor/packages/meteor-tool/.1.4.3_1.1eoy3fk++os.osx.x86_64+web.browser+web.cordova/mt-os.osx.x86_64/dev_bundle/lib/node_modules/npm/node_modules/npm-package-arg/npa.js:186:13)
8 silly fetchPackageMetaData     at npa (/Users/mac/.meteor/packages/meteor-tool/.1.4.3_1.1eoy3fk++os.osx.x86_64+web.browser+web.cordova/mt-os.osx.x86_64/dev_bundle/lib/node_modules/npm/node_modules/npm-package-arg/npa.js:79:12)
8 silly fetchPackageMetaData     at module.exports (/Users/mac/.meteor/packages/meteor-tool/.1.4.3_1.1eoy3fk++os.osx.x86_64+web.browser+web.cordova/mt-os.osx.x86_64/dev_bundle/lib/node_modules/npm/node_modules/realize-package-specifier/index.js:12:15)
8 silly fetchPackageMetaData     at fetchPackageMetadata (/Users/mac/.meteor/packages/meteor-tool/.1.4.3_1.1eoy3fk++os.osx.x86_64+web.browser+web.cordova/mt-os.osx.x86_64/dev_bundle/lib/node_modules/npm/lib/fetch-package-metadata.js:55:12)
8 silly fetchPackageMetaData     at fetchMetadataWithVersion (/Users/mac/.meteor/packages/meteor-tool/.1.4.3_1.1eoy3fk++os.osx.x86_64+web.browser+web.cordova/mt-os.osx.x86_64/dev_bundle/lib/node_modules/npm/lib/install/deps.js:232:14)
8 silly fetchPackageMetaData     at /Users/mac/.meteor/packages/meteor-tool/.1.4.3_1.1eoy3fk++os.osx.x86_64+web.browser+web.cordova/mt-os.osx.x86_64/dev_bundle/lib/node_modules/npm/lib/install/deps.js:245:16
8 silly fetchPackageMetaData     at /Users/mac/.meteor/packages/meteor-tool/.1.4.3_1.1eoy3fk++os.osx.x86_64+web.browser+web.cordova/mt-os.osx.x86_64/dev_bundle/lib/node_modules/npm/node_modules/slide/lib/async-map.js:52:35
8 silly fetchPackageMetaData     at Array.forEach (native)
8 silly fetchPackageMetaData     at /Users/mac/.meteor/packages/meteor-tool/.1.4.3_1.1eoy3fk++os.osx.x86_64+web.browser+web.cordova/mt-os.osx.x86_64/dev_bundle/lib/node_modules/npm/node_modules/slide/lib/async-map.js:52:11
8 silly fetchPackageMetaData     at Array.forEach (native)
8 silly fetchPackageMetaData  error for twbs:bootstrap [Error: Unsupported URL Type: twbs:bootstrap]
9 silly rollbackFailedOptional Starting
10 silly rollbackFailedOptional Finishing
11 silly runTopLevelLifecycles Finishing
12 silly install printInstalled
13 verbose stack Error: Unsupported URL Type: twbs:bootstrap
13 verbose stack     at parseUrl (/Users/mac/.meteor/packages/meteor-tool/.1.4.3_1.1eoy3fk++os.osx.x86_64+web.browser+web.cordova/mt-os.osx.x86_64/dev_bundle/lib/node_modules/npm/node_modules/npm-package-arg/npa.js:186:13)
13 verbose stack     at npa (/Users/mac/.meteor/packages/meteor-tool/.1.4.3_1.1eoy3fk++os.osx.x86_64+web.browser+web.cordova/mt-os.osx.x86_64/dev_bundle/lib/node_modules/npm/node_modules/npm-package-arg/npa.js:79:12)
13 verbose stack     at module.exports (/Users/mac/.meteor/packages/meteor-tool/.1.4.3_1.1eoy3fk++os.osx.x86_64+web.browser+web.cordova/mt-os.osx.x86_64/dev_bundle/lib/node_modules/npm/node_modules/realize-package-specifier/index.js:12:15)
13 verbose stack     at fetchPackageMetadata (/Users/mac/.meteor/packages/meteor-tool/.1.4.3_1.1eoy3fk++os.osx.x86_64+web.browser+web.cordova/mt-os.osx.x86_64/dev_bundle/lib/node_modules/npm/lib/fetch-package-metadata.js:55:12)
13 verbose stack     at fetchMetadataWithVersion (/Users/mac/.meteor/packages/meteor-tool/.1.4.3_1.1eoy3fk++os.osx.x86_64+web.browser+web.cordova/mt-os.osx.x86_64/dev_bundle/lib/node_modules/npm/lib/install/deps.js:232:14)
13 verbose stack     at /Users/mac/.meteor/packages/meteor-tool/.1.4.3_1.1eoy3fk++os.osx.x86_64+web.browser+web.cordova/mt-os.osx.x86_64/dev_bundle/lib/node_modules/npm/lib/install/deps.js:245:16
13 verbose stack     at /Users/mac/.meteor/packages/meteor-tool/.1.4.3_1.1eoy3fk++os.osx.x86_64+web.browser+web.cordova/mt-os.osx.x86_64/dev_bundle/lib/node_modules/npm/node_modules/slide/lib/async-map.js:52:35
13 verbose stack     at Array.forEach (native)
13 verbose stack     at /Users/mac/.meteor/packages/meteor-tool/.1.4.3_1.1eoy3fk++os.osx.x86_64+web.browser+web.cordova/mt-os.osx.x86_64/dev_bundle/lib/node_modules/npm/node_modules/slide/lib/async-map.js:52:11
13 verbose stack     at Array.forEach (native)
14 verbose cwd /Users/mac/website
15 error Darwin 16.4.0
16 error argv "/Users/mac/.meteor/packages/meteor-tool/.1.4.3_1.1eoy3fk++os.osx.x86_64+web.browser+web.cordova/mt-os.osx.x86_64/dev_bundle/bin/node" "/Users/mac/.meteor/packages/meteor-tool/.1.4.3_1.1eoy3fk++os.osx.x86_64+web.browser+web.cordova/mt-os.osx.x86_64/dev_bundle/bin/npm" "install" "--save" "twbs:bootstrap"
17 error node v4.7.3
18 error npm  v4.1.2
19 error Unsupported URL Type: twbs:bootstrap
20 error If you need help, you may report this error at:
20 error     <https://github.com/npm/npm/issues>
21 verbose exit [ 1, true ]
